<?xml version="1.0" encoding="UTF-8"?>
<!-- Generated by org.testng.reporters.JUnitXMLReporter -->
<testsuite hostname="aj-305E4A-305E5A-305E7A" ignored="0" name="Regression suite 1" tests="1" failures="1" timestamp="21 May 2017 09:00:36 GMT" time="0.213" errors="0">
  <testcase name="setup" time="0.0" classname="Casesrun.Communicationwithmanagement">
    <failure type="org.testng.TestNGException" message="
Parameter &amp;apos;browser&amp;apos; is required by @Test on method setup but has not been marked @Optional or defined
in /home/aj/Pictures/programes/design/bin/Casesrun/test.xml">
      <![CDATA[org.testng.TestNGException: 
Parameter 'browser' is required by @Test on method setup but has not been marked @Optional or defined
in /home/aj/Pictures/programes/design/bin/Casesrun/test.xml
... Removed 23 stack frames]]>
    </failure>
  </testcase> <!-- setup -->
</testsuite> <!-- Regression suite 1 -->
